{"/Users/derain/Projects/pareto-network-ico/contracts/CrowdSale.sol":{"l":{"52":10,"53":10,"55":10,"56":10,"58":10,"65":5,"66":4,"67":3,"74":1,"81":2,"82":2,"84":2,"86":2,"87":2,"89":2,"91":2,"95":2,"96":2,"99":2,"100":2,"103":2,"106":2,"109":2,"116":12,"117":12,"118":12,"120":11,"127":1,"129":1,"130":1,"132":1,"139":5,"146":2,"153":2,"160":2},"path":"/Users/derain/Projects/pareto-network-ico/contracts/CrowdSale.sol","s":{"1":10,"2":10,"3":10,"4":10,"5":10,"6":5,"7":4,"8":1,"9":2,"10":2,"11":2,"12":2,"13":2,"14":2,"15":2,"16":2,"17":2,"18":2,"19":2,"20":2,"21":2,"22":12,"23":12,"24":12,"25":11,"26":1,"27":1,"28":1,"29":1,"30":5,"31":2},"b":{"1":[10,0],"2":[10,0],"3":[4,1],"4":[3,1],"5":[2,0],"6":[2,0],"7":[2,0],"8":[11,1],"9":[1,0]},"f":{"1":10,"2":5,"3":1,"4":2,"5":12,"6":1,"7":5,"8":2,"9":2,"10":2},"fnMap":{"1":{"name":"CrowdSale","line":51,"loc":{"start":{"line":51,"column":4},"end":{"line":51,"column":103}}},"2":{"name":"validPurchase","line":64,"loc":{"start":{"line":64,"column":4},"end":{"line":64,"column":26}}},"3":{"name":null,"line":73,"loc":{"start":{"line":73,"column":4},"end":{"line":73,"column":20}}},"4":{"name":"invest","line":80,"loc":{"start":{"line":80,"column":4},"end":{"line":80,"column":62}}},"5":{"name":"setPricingStrategy","line":115,"loc":{"start":{"line":115,"column":4},"end":{"line":115,"column":89}}},"6":{"name":"finalize","line":126,"loc":{"start":{"line":126,"column":4},"end":{"line":126,"column":38}}},"7":{"name":"getAvailableTokensToSell","line":138,"loc":{"start":{"line":138,"column":4},"end":{"line":138,"column":71}}},"8":{"name":"isNotReachedTokensTotalPurchaseCap","line":145,"loc":{"start":{"line":145,"column":4},"end":{"line":145,"column":99}}},"9":{"name":"forwardFunds","line":152,"loc":{"start":{"line":152,"column":4},"end":{"line":152,"column":52}}},"10":{"name":"assignTokens","line":159,"loc":{"start":{"line":159,"column":4},"end":{"line":159,"column":73}}}},"statementMap":{"1":{"start":{"line":52,"column":8},"end":{"line":52,"column":21}},"2":{"start":{"line":53,"column":8},"end":{"line":53,"column":31}},"3":{"start":{"line":55,"column":8},"end":{"line":55,"column":23}},"4":{"start":{"line":56,"column":8},"end":{"line":56,"column":36}},"5":{"start":{"line":58,"column":8},"end":{"line":58,"column":43}},"6":{"start":{"line":65,"column":8},"end":{"line":65,"column":29}},"7":{"start":{"line":66,"column":8},"end":{"line":66,"column":28}},"8":{"start":{"line":74,"column":8},"end":{"line":74,"column":15}},"9":{"start":{"line":81,"column":8},"end":{"line":81,"column":36}},"10":{"start":{"line":82,"column":8},"end":{"line":82,"column":36}},"11":{"start":{"line":84,"column":8},"end":{"line":84,"column":94}},"12":{"start":{"line":86,"column":8},"end":{"line":86,"column":31}},"13":{"start":{"line":87,"column":8},"end":{"line":87,"column":63}},"14":{"start":{"line":89,"column":8},"end":{"line":89,"column":2412}},"15":{"start":{"line":95,"column":8},"end":{"line":95,"column":77}},"16":{"start":{"line":96,"column":8},"end":{"line":96,"column":73}},"17":{"start":{"line":99,"column":8},"end":{"line":99,"column":43}},"18":{"start":{"line":100,"column":8},"end":{"line":100,"column":47}},"19":{"start":{"line":103,"column":8},"end":{"line":103,"column":42}},"20":{"start":{"line":106,"column":8},"end":{"line":106,"column":30}},"21":{"start":{"line":109,"column":8},"end":{"line":109,"column":49}},"22":{"start":{"line":116,"column":8},"end":{"line":116,"column":51}},"23":{"start":{"line":117,"column":8},"end":{"line":117,"column":41}},"24":{"start":{"line":118,"column":8},"end":{"line":118,"column":51}},"25":{"start":{"line":120,"column":8},"end":{"line":120,"column":83}},"26":{"start":{"line":127,"column":8},"end":{"line":127,"column":28}},"27":{"start":{"line":129,"column":8},"end":{"line":129,"column":25}},"28":{"start":{"line":130,"column":8},"end":{"line":130,"column":31}},"29":{"start":{"line":132,"column":8},"end":{"line":132,"column":18}},"30":{"start":{"line":139,"column":8},"end":{"line":139,"column":52}},"31":{"start":{"line":146,"column":8},"end":{"line":146,"column":58}}},"branchMap":{"1":{"line":53,"type":"if","locations":[{"start":{"line":53,"column":8},"end":{"line":53,"column":8}},{"start":{"line":53,"column":8},"end":{"line":53,"column":8}}]},"2":{"line":56,"type":"if","locations":[{"start":{"line":56,"column":8},"end":{"line":56,"column":8}},{"start":{"line":56,"column":8},"end":{"line":56,"column":8}}]},"3":{"line":65,"type":"if","locations":[{"start":{"line":65,"column":8},"end":{"line":65,"column":8}},{"start":{"line":65,"column":8},"end":{"line":65,"column":8}}]},"4":{"line":66,"type":"if","locations":[{"start":{"line":66,"column":8},"end":{"line":66,"column":8}},{"start":{"line":66,"column":8},"end":{"line":66,"column":8}}]},"5":{"line":86,"type":"if","locations":[{"start":{"line":86,"column":8},"end":{"line":86,"column":8}},{"start":{"line":86,"column":8},"end":{"line":86,"column":8}}]},"6":{"line":87,"type":"if","locations":[{"start":{"line":87,"column":8},"end":{"line":87,"column":8}},{"start":{"line":87,"column":8},"end":{"line":87,"column":8}}]},"7":{"line":89,"type":"if","locations":[{"start":{"line":89,"column":8},"end":{"line":89,"column":8}},{"start":{"line":89,"column":8},"end":{"line":89,"column":8}}]},"8":{"line":118,"type":"if","locations":[{"start":{"line":118,"column":8},"end":{"line":118,"column":8}},{"start":{"line":118,"column":8},"end":{"line":118,"column":8}}]},"9":{"line":127,"type":"if","locations":[{"start":{"line":127,"column":8},"end":{"line":127,"column":8}},{"start":{"line":127,"column":8},"end":{"line":127,"column":8}}]}}},"/Users/derain/Projects/pareto-network-ico/contracts/interfaces/PricingStrategyInterface.sol":{"l":{},"path":"/Users/derain/Projects/pareto-network-ico/contracts/interfaces/PricingStrategyInterface.sol","s":{},"b":{},"f":{},"fnMap":{},"statementMap":{},"branchMap":{}},"/Users/derain/Projects/pareto-network-ico/contracts/interfaces/TokenInterface.sol":{"l":{},"path":"/Users/derain/Projects/pareto-network-ico/contracts/interfaces/TokenInterface.sol","s":{},"b":{},"f":{},"fnMap":{},"statementMap":{},"branchMap":{}},"/Users/derain/Projects/pareto-network-ico/contracts/ParetoNetworkToken.sol":{"l":{"12":20,"13":20,"17":1,"21":1,"25":23,"29":10},"path":"/Users/derain/Projects/pareto-network-ico/contracts/ParetoNetworkToken.sol","s":{"1":20,"2":20,"3":1,"4":1,"5":23,"6":10},"b":{},"f":{"1":20,"2":1,"3":1,"4":23,"5":10},"fnMap":{"1":{"name":"ParetoNetworkToken","line":11,"loc":{"start":{"line":11,"column":4},"end":{"line":11,"column":38}}},"2":{"name":"name","line":16,"loc":{"start":{"line":16,"column":4},"end":{"line":16,"column":50}}},"3":{"name":"symbol","line":20,"loc":{"start":{"line":20,"column":4},"end":{"line":20,"column":52}}},"4":{"name":"decimals","line":24,"loc":{"start":{"line":24,"column":4},"end":{"line":24,"column":55}}},"5":{"name":"isToken","line":28,"loc":{"start":{"line":28,"column":4},"end":{"line":28,"column":51}}}},"statementMap":{"1":{"start":{"line":12,"column":8},"end":{"line":12,"column":60}},"2":{"start":{"line":13,"column":8},"end":{"line":13,"column":41}},"3":{"start":{"line":17,"column":8},"end":{"line":17,"column":37}},"4":{"start":{"line":21,"column":8},"end":{"line":21,"column":20}},"5":{"start":{"line":25,"column":8},"end":{"line":25,"column":26}},"6":{"start":{"line":29,"column":8},"end":{"line":29,"column":19}}},"branchMap":{}},"/Users/derain/Projects/pareto-network-ico/contracts/PricingStrategy.sol":{"l":{"22":17,"29":12,"40":6,"41":6,"48":18,"49":18,"56":2,"57":2},"path":"/Users/derain/Projects/pareto-network-ico/contracts/PricingStrategy.sol","s":{"1":17,"2":12,"3":6,"4":6,"5":18,"6":18,"7":2,"8":2},"b":{},"f":{"1":17,"2":12,"3":6,"4":18,"5":2},"fnMap":{"1":{"name":"PricingStrategy","line":21,"loc":{"start":{"line":21,"column":4},"end":{"line":21,"column":35}}},"2":{"name":"isPricingStrategy","line":28,"loc":{"start":{"line":28,"column":4},"end":{"line":28,"column":61}}},"3":{"name":"calculateTokenAmount","line":38,"loc":{"start":{"line":38,"column":4},"end":{"line":39,"column":5}}},"4":{"name":"switchToBonusPrice","line":47,"loc":{"start":{"line":47,"column":4},"end":{"line":47,"column":48}}},"5":{"name":"switchToDefaultPrice","line":55,"loc":{"start":{"line":55,"column":4},"end":{"line":55,"column":50}}}},"statementMap":{"1":{"start":{"line":22,"column":8},"end":{"line":22,"column":27}},"2":{"start":{"line":29,"column":8},"end":{"line":29,"column":19}},"3":{"start":{"line":40,"column":8},"end":{"line":40,"column":43}},"4":{"start":{"line":41,"column":8},"end":{"line":41,"column":56}},"5":{"start":{"line":48,"column":8},"end":{"line":48,"column":46}},"6":{"start":{"line":49,"column":8},"end":{"line":49,"column":56}},"7":{"start":{"line":56,"column":8},"end":{"line":56,"column":46}},"8":{"start":{"line":57,"column":8},"end":{"line":57,"column":56}}},"branchMap":{}}}