TN:
SF:/Users/derain/Projects/pareto-network-ico/contracts/CrowdSale.sol
FN:51,CrowdSale
FN:64,validPurchase
FN:73,
FN:80,invest
FN:115,setPricingStrategy
FN:126,finalize
FN:138,getAvailableTokensToSell
FN:145,isNotReachedTokensTotalPurchaseCap
FN:152,forwardFunds
FN:159,assignTokens
FNF:10
FNH:10
FNDA:10,CrowdSale
FNDA:5,validPurchase
FNDA:1,
FNDA:2,invest
FNDA:12,setPricingStrategy
FNDA:1,finalize
FNDA:5,getAvailableTokensToSell
FNDA:2,isNotReachedTokensTotalPurchaseCap
FNDA:2,forwardFunds
FNDA:2,assignTokens
DA:52,10
DA:53,10
DA:55,10
DA:56,10
DA:58,10
DA:65,5
DA:66,4
DA:67,3
DA:74,1
DA:81,2
DA:82,2
DA:84,2
DA:86,2
DA:87,2
DA:89,2
DA:91,2
DA:95,2
DA:96,2
DA:99,2
DA:100,2
DA:103,2
DA:106,2
DA:109,2
DA:116,12
DA:117,12
DA:118,12
DA:120,11
DA:127,1
DA:129,1
DA:130,1
DA:132,1
DA:139,5
DA:146,2
DA:153,2
DA:160,2
LF:35
LH:35
BRDA:53,1,0,10
BRDA:53,1,1,0
BRDA:56,2,0,10
BRDA:56,2,1,0
BRDA:65,3,0,4
BRDA:65,3,1,1
BRDA:66,4,0,3
BRDA:66,4,1,1
BRDA:86,5,0,2
BRDA:86,5,1,0
BRDA:87,6,0,2
BRDA:87,6,1,0
BRDA:89,7,0,2
BRDA:89,7,1,0
BRDA:118,8,0,11
BRDA:118,8,1,1
BRDA:127,9,0,1
BRDA:127,9,1,0
BRF:18
BRH:12
end_of_record
TN:
SF:/Users/derain/Projects/pareto-network-ico/contracts/interfaces/PricingStrategyInterface.sol
FNF:0
FNH:0
LF:0
LH:0
BRF:0
BRH:0
end_of_record
TN:
SF:/Users/derain/Projects/pareto-network-ico/contracts/interfaces/TokenInterface.sol
FNF:0
FNH:0
LF:0
LH:0
BRF:0
BRH:0
end_of_record
TN:
SF:/Users/derain/Projects/pareto-network-ico/contracts/ParetoNetworkToken.sol
FN:11,ParetoNetworkToken
FN:16,name
FN:20,symbol
FN:24,decimals
FN:28,isToken
FNF:5
FNH:5
FNDA:20,ParetoNetworkToken
FNDA:1,name
FNDA:1,symbol
FNDA:23,decimals
FNDA:10,isToken
DA:12,20
DA:13,20
DA:17,1
DA:21,1
DA:25,23
DA:29,10
LF:6
LH:6
BRF:0
BRH:0
end_of_record
TN:
SF:/Users/derain/Projects/pareto-network-ico/contracts/PricingStrategy.sol
FN:21,PricingStrategy
FN:28,isPricingStrategy
FN:38,calculateTokenAmount
FN:47,switchToBonusPrice
FN:55,switchToDefaultPrice
FNF:5
FNH:5
FNDA:17,PricingStrategy
FNDA:12,isPricingStrategy
FNDA:6,calculateTokenAmount
FNDA:18,switchToBonusPrice
FNDA:2,switchToDefaultPrice
DA:22,17
DA:29,12
DA:40,6
DA:41,6
DA:48,18
DA:49,18
DA:56,2
DA:57,2
LF:8
LH:8
BRF:0
BRH:0
end_of_record
